<?xml version="1.0" encoding="UTF-8"?>
<!-- Generated by org.testng.reporters.JUnitReportReporter -->
<testsuite hostname="COGNINE-L92" failures="0" tests="14" name="runner.TestRunner" time="0.695" errors="0" timestamp="2024-02-06T14:46:58 IST" skipped="0">
  <testcase classname="runner.TestRunner" name="runScenario" time="0.038"/>
  <testcase classname="runner.TestRunner" name="runScenario" time="0.051"/>
  <testcase classname="runner.TestRunner" name="runScenario" time="0.020"/>
  <testcase classname="runner.TestRunner" name="runScenario" time="0.025"/>
  <testcase classname="runner.TestRunner" name="runScenario" time="0.014"/>
  <testcase classname="runner.TestRunner" name="runScenario" time="0.035"/>
  <testcase classname="runner.TestRunner" name="runScenario" time="0.023"/>
  <testcase classname="runner.TestRunner" name="runScenario" time="0.067"/>
  <testcase classname="runner.TestRunner" name="runScenario" time="0.117"/>
  <testcase classname="runner.TestRunner" name="runScenario" time="0.015"/>
  <testcase classname="runner.TestRunner" name="runScenario" time="0.131"/>
  <testcase classname="runner.TestRunner" name="runScenario" time="0.019"/>
  <testcase classname="runner.TestRunner" name="runScenario" time="0.034"/>
  <testcase classname="runner.TestRunner" name="runScenario" time="0.106"/>
</testsuite> <!-- runner.TestRunner -->
